-------------------------------------------------------------------------------
Test set: TestSuite
-------------------------------------------------------------------------------
Tests run: 3, Failures: 1, Errors: 0, Skipped: 0, Time elapsed: 25.153 s <<< FAILURE! - in TestSuite
test.RegistrationTest.register  Time elapsed: 4.219 s  <<< FAILURE!
java.lang.AssertionError: expected [Your Account Has Been Created!] but found [Register Account]
	at test.RegistrationTest.register(RegistrationTest.java:75)

